c:\users\administrator\desktop\vsproject\假期1\x64\debug\vc143.pdb
c:\users\administrator\desktop\vsproject\假期1\x64\debug\vc143.idb
c:\users\administrator\desktop\vsproject\假期1\x64\debug\阶梯电价.obj
c:\users\administrator\desktop\vsproject\假期1\x64\debug\连点器.obj
c:\users\administrator\desktop\vsproject\假期1\x64\debug\比大小.obj
c:\users\administrator\desktop\vsproject\假期1\x64\debug\指针初探(交换两个数).obj
c:\users\administrator\desktop\vsproject\假期1\x64\debug\指针(2)--指针越界.obj
c:\users\administrator\desktop\vsproject\假期1\x64\debug\helloworld.obj
c:\users\administrator\desktop\vsproject\假期1\x64\debug\0.obj
c:\users\administrator\desktop\vsproject\假期1\x64\debug\浮点型最大精确度.obj
c:\users\administrator\desktop\vsproject\假期1\x64\debug\二维数组指针初探.obj
c:\users\administrator\desktop\vsproject\假期1\x64\debug\十进制转换二进制.obj
c:\users\administrator\desktop\vsproject\假期1\x64\debug\二维数组指针使用浅例.obj
c:\users\administrator\desktop\vsproject\假期1\x64\debug\const初探.obj
c:\users\administrator\desktop\vsproject\假期1\x64\debug\假期1.ilk
c:\users\administrator\desktop\vsproject\假期1\x64\debug\假期1.exe
c:\users\administrator\desktop\vsproject\假期1\x64\debug\假期1.pdb
c:\users\admin\source\repos\15727684438\15727684438\x64\debug\0.obj
c:\users\admin\source\repos\15727684438\15727684438\x64\debug\const初探.obj
c:\users\admin\source\repos\15727684438\15727684438\x64\debug\helloworld.obj
c:\users\admin\source\repos\15727684438\15727684438\x64\debug\二维数组指针使用浅例.obj
c:\users\admin\source\repos\15727684438\15727684438\x64\debug\二维数组指针初探.obj
c:\users\admin\source\repos\15727684438\15727684438\x64\debug\十进制转换二进制.obj
c:\users\admin\source\repos\15727684438\15727684438\x64\debug\指针(2)--指针越界.obj
c:\users\admin\source\repos\15727684438\15727684438\x64\debug\指针初探(交换两个数).obj
c:\users\admin\source\repos\15727684438\15727684438\x64\debug\比大小.obj
c:\users\admin\source\repos\15727684438\15727684438\x64\debug\浮点型最大精确度.obj
c:\users\admin\source\repos\15727684438\15727684438\x64\debug\连点器.obj
c:\users\admin\source\repos\15727684438\15727684438\x64\debug\阶梯电价.obj
c:\users\admin\source\repos\15727684438\15727684438\x64\debug\假期1.ilk
c:\users\admin\source\repos\15727684438\15727684438\x64\debug\vc143.idb
c:\users\admin\source\repos\15727684438\15727684438\x64\debug\vc143.pdb
c:\users\admin\source\repos\15727684438\15727684438\x64\debug\假期1.pdb
c:\users\admin\source\repos\15727684438\15727684438\x64\debug\假期1.exe
c:\users\admin\source\repos\15727684438\15727684438\x64\debug\假期1.tlog\cl.command.1.tlog
c:\users\admin\source\repos\15727684438\15727684438\x64\debug\假期1.tlog\cl.read.1.tlog
c:\users\admin\source\repos\15727684438\15727684438\x64\debug\假期1.tlog\cl.write.1.tlog
c:\users\admin\source\repos\15727684438\15727684438\x64\debug\假期1.tlog\link.command.1.tlog
c:\users\admin\source\repos\15727684438\15727684438\x64\debug\假期1.tlog\link.read.1.tlog
c:\users\admin\source\repos\15727684438\15727684438\x64\debug\假期1.tlog\link.write.1.tlog
